0 info it worked if it ends with ok
1 verbose cli [
1 verbose cli   'C:\\Program Files\\nodejs\\node.exe',
1 verbose cli   'C:\\Program Files\\nodejs\\node_modules\\npm\\bin\\npm-cli.js',
1 verbose cli   'install'
1 verbose cli ]
2 info using npm@6.14.13
3 info using node@v14.17.0
4 verbose npm-session 10f29d40ce7112f0
5 silly install runPreinstallTopLevelLifecycles
6 silly preinstall HRMProject@0.0.1
7 info lifecycle HRMProject@0.0.1~preinstall: HRMProject@0.0.1
8 silly install loadCurrentTree
9 silly install readLocalPackageData
10 timing stage:loadCurrentTree Completed in 2349ms
11 silly install loadIdealTree
12 silly install cloneCurrentTreeToIdealTree
13 timing stage:loadIdealTree:cloneCurrentTree Completed in 14ms
14 silly install loadShrinkwrap
15 timing stage:loadIdealTree:loadShrinkwrap Completed in 428ms
16 silly install loadAllDepsIntoIdealTree
17 silly removeObsoleteDep removing react@17.0.1 from the tree as its been replaced by a newer version or is no longer required
18 silly removeObsoleteDep removing react-native@0.64.2 from the tree as its been replaced by a newer version or is no longer required
19 silly removeObsoleteDep removing @jest/create-cache-key-function@26.6.2 from the tree as its been replaced by a newer version or is no longer required
20 silly removeObsoleteDep removing @jest/types@26.6.2 from the tree as its been replaced by a newer version or is no longer required
21 silly removeObsoleteDep removing @types/yargs@15.0.14 from the tree as its been replaced by a newer version or is no longer required
22 silly removeObsoleteDep removing @react-native-community/cli@5.0.1 from the tree as its been replaced by a newer version or is no longer required
23 silly removeObsoleteDep removing @react-native-community/cli-debugger-ui@5.0.1 from the tree as its been replaced by a newer version or is no longer required
24 silly removeObsoleteDep removing serve-static@1.14.1 from the tree as its been replaced by a newer version or is no longer required
25 silly removeObsoleteDep removing encodeurl@1.0.2 from the tree as its been replaced by a newer version or is no longer required
26 silly removeObsoleteDep removing escape-html@1.0.3 from the tree as its been replaced by a newer version or is no longer required
27 silly removeObsoleteDep removing parseurl@1.3.3 from the tree as its been replaced by a newer version or is no longer required
28 silly removeObsoleteDep removing send@0.17.1 from the tree as its been replaced by a newer version or is no longer required
29 silly removeObsoleteDep removing debug@2.6.9 from the tree as its been replaced by a newer version or is no longer required
30 silly removeObsoleteDep removing ms@2.0.0 from the tree as its been replaced by a newer version or is no longer required
31 silly removeObsoleteDep removing depd@1.1.2 from the tree as its been replaced by a newer version or is no longer required
32 silly removeObsoleteDep removing destroy@1.0.4 from the tree as its been replaced by a newer version or is no longer required
33 silly removeObsoleteDep removing etag@1.8.1 from the tree as its been replaced by a newer version or is no longer required
34 silly removeObsoleteDep removing fresh@0.5.2 from the tree as its been replaced by a newer version or is no longer required
35 silly removeObsoleteDep removing http-errors@1.7.3 from the tree as its been replaced by a newer version or is no longer required
36 silly removeObsoleteDep removing setprototypeof@1.1.1 from the tree as its been replaced by a newer version or is no longer required
37 silly removeObsoleteDep removing statuses@1.5.0 from the tree as its been replaced by a newer version or is no longer required
38 silly removeObsoleteDep removing toidentifier@1.0.0 from the tree as its been replaced by a newer version or is no longer required
39 silly removeObsoleteDep removing mime@1.6.0 from the tree as its been replaced by a newer version or is no longer required
40 silly removeObsoleteDep removing ms@2.1.1 from the tree as its been replaced by a newer version or is no longer required
41 silly removeObsoleteDep removing on-finished@2.3.0 from the tree as its been replaced by a newer version or is no longer required
42 silly removeObsoleteDep removing ee-first@1.1.1 from the tree as its been replaced by a newer version or is no longer required
43 silly removeObsoleteDep removing range-parser@1.2.1 from the tree as its been replaced by a newer version or is no longer required
44 silly removeObsoleteDep removing @react-native-community/cli-hermes@5.0.1 from the tree as its been replaced by a newer version or is no longer required
45 silly removeObsoleteDep removing chalk@3.0.0 from the tree as its been replaced by a newer version or is no longer required
46 silly removeObsoleteDep removing hermes-profile-transformer@0.0.6 from the tree as its been replaced by a newer version or is no longer required
47 silly removeObsoleteDep removing source-map@0.7.3 from the tree as its been replaced by a newer version or is no longer required
48 silly removeObsoleteDep removing ip@1.1.5 from the tree as its been replaced by a newer version or is no longer required
49 silly removeObsoleteDep removing @react-native-community/cli-server-api@5.0.1 from the tree as its been replaced by a newer version or is no longer required
50 silly removeObsoleteDep removing compression@1.7.4 from the tree as its been replaced by a newer version or is no longer required
51 silly removeObsoleteDep removing accepts@1.3.7 from the tree as its been replaced by a newer version or is no longer required
52 silly removeObsoleteDep removing negotiator@0.6.2 from the tree as its been replaced by a newer version or is no longer required
53 silly removeObsoleteDep removing bytes@3.0.0 from the tree as its been replaced by a newer version or is no longer required
54 silly removeObsoleteDep removing compressible@2.0.18 from the tree as its been replaced by a newer version or is no longer required
55 silly removeObsoleteDep removing debug@2.6.9 from the tree as its been replaced by a newer version or is no longer required
56 silly removeObsoleteDep removing ms@2.0.0 from the tree as its been replaced by a newer version or is no longer required
57 silly removeObsoleteDep removing on-headers@1.0.2 from the tree as its been replaced by a newer version or is no longer required
58 silly removeObsoleteDep removing vary@1.1.2 from the tree as its been replaced by a newer version or is no longer required
59 silly removeObsoleteDep removing connect@3.7.0 from the tree as its been replaced by a newer version or is no longer required
60 silly removeObsoleteDep removing debug@2.6.9 from the tree as its been replaced by a newer version or is no longer required
61 silly removeObsoleteDep removing ms@2.0.0 from the tree as its been replaced by a newer version or is no longer required
62 silly removeObsoleteDep removing finalhandler@1.1.2 from the tree as its been replaced by a newer version or is no longer required
63 silly removeObsoleteDep removing debug@2.6.9 from the tree as its been replaced by a newer version or is no longer required
64 silly removeObsoleteDep removing ms@2.0.0 from the tree as its been replaced by a newer version or is no longer required
65 silly removeObsoleteDep removing unpipe@1.0.0 from the tree as its been replaced by a newer version or is no longer required
66 silly removeObsoleteDep removing utils-merge@1.0.1 from the tree as its been replaced by a newer version or is no longer required
67 silly removeObsoleteDep removing errorhandler@1.5.1 from the tree as its been replaced by a newer version or is no longer required
68 silly removeObsoleteDep removing nocache@2.1.0 from the tree as its been replaced by a newer version or is no longer required
69 silly removeObsoleteDep removing pretty-format@26.6.2 from the tree as its been replaced by a newer version or is no longer required
70 silly removeObsoleteDep removing @jest/types@26.6.2 from the tree as its been replaced by a newer version or is no longer required
71 silly removeObsoleteDep removing @types/yargs@15.0.14 from the tree as its been replaced by a newer version or is no longer required
72 silly removeObsoleteDep removing ws@1.1.5 from the tree as its been replaced by a newer version or is no longer required
73 silly removeObsoleteDep removing options@0.0.6 from the tree as its been replaced by a newer version or is no longer required
74 silly removeObsoleteDep removing ultron@1.0.2 from the tree as its been replaced by a newer version or is no longer required
75 silly removeObsoleteDep removing @react-native-community/cli-types@5.0.1 from the tree as its been replaced by a newer version or is no longer required
76 silly removeObsoleteDep removing ora@3.4.0 from the tree as its been replaced by a newer version or is no longer required
77 silly removeObsoleteDep removing chalk@2.4.2 from the tree as its been replaced by a newer version or is no longer required
78 silly removeObsoleteDep removing ansi-styles@3.2.1 from the tree as its been replaced by a newer version or is no longer required
79 silly removeObsoleteDep removing color-convert@1.9.3 from the tree as its been replaced by a newer version or is no longer required
80 silly removeObsoleteDep removing color-name@1.1.3 from the tree as its been replaced by a newer version or is no longer required
81 silly removeObsoleteDep removing supports-color@5.5.0 from the tree as its been replaced by a newer version or is no longer required
82 silly removeObsoleteDep removing has-flag@3.0.0 from the tree as its been replaced by a newer version or is no longer required
83 silly removeObsoleteDep removing cli-cursor@2.1.0 from the tree as its been replaced by a newer version or is no longer required
84 silly removeObsoleteDep removing restore-cursor@2.0.0 from the tree as its been replaced by a newer version or is no longer required
85 silly removeObsoleteDep removing onetime@2.0.1 from the tree as its been replaced by a newer version or is no longer required
86 silly removeObsoleteDep removing mimic-fn@1.2.0 from the tree as its been replaced by a newer version or is no longer required
87 silly removeObsoleteDep removing cli-spinners@2.6.0 from the tree as its been replaced by a newer version or is no longer required
88 silly removeObsoleteDep removing log-symbols@2.2.0 from the tree as its been replaced by a newer version or is no longer required
89 silly removeObsoleteDep removing chalk@2.4.2 from the tree as its been replaced by a newer version or is no longer required
90 silly removeObsoleteDep removing ansi-styles@3.2.1 from the tree as its been replaced by a newer version or is no longer required
91 silly removeObsoleteDep removing color-convert@1.9.3 from the tree as its been replaced by a newer version or is no longer required
92 silly removeObsoleteDep removing color-name@1.1.3 from the tree as its been replaced by a newer version or is no longer required
93 silly removeObsoleteDep removing supports-color@5.5.0 from the tree as its been replaced by a newer version or is no longer required
94 silly removeObsoleteDep removing has-flag@3.0.0 from the tree as its been replaced by a newer version or is no longer required
95 silly removeObsoleteDep removing strip-ansi@5.2.0 from the tree as its been replaced by a newer version or is no longer required
96 silly removeObsoleteDep removing ansi-regex@4.1.0 from the tree as its been replaced by a newer version or is no longer required
97 silly removeObsoleteDep removing wcwidth@1.0.1 from the tree as its been replaced by a newer version or is no longer required
98 silly removeObsoleteDep removing defaults@1.0.3 from the tree as its been replaced by a newer version or is no longer required
99 silly removeObsoleteDep removing clone@1.0.4 from the tree as its been replaced by a newer version or is no longer required
100 silly removeObsoleteDep removing appdirsjs@1.2.5 from the tree as its been replaced by a newer version or is no longer required
101 silly removeObsoleteDep removing chalk@3.0.0 from the tree as its been replaced by a newer version or is no longer required
102 silly removeObsoleteDep removing command-exists@1.2.9 from the tree as its been replaced by a newer version or is no longer required
103 silly removeObsoleteDep removing commander@2.20.3 from the tree as its been replaced by a newer version or is no longer required
104 silly removeObsoleteDep removing cosmiconfig@5.2.1 from the tree as its been replaced by a newer version or is no longer required
105 silly removeObsoleteDep removing import-fresh@2.0.0 from the tree as its been replaced by a newer version or is no longer required
106 silly removeObsoleteDep removing caller-path@2.0.0 from the tree as its been replaced by a newer version or is no longer required
107 silly removeObsoleteDep removing caller-callsite@2.0.0 from the tree as its been replaced by a newer version or is no longer required
108 silly removeObsoleteDep removing callsites@2.0.0 from the tree as its been replaced by a newer version or is no longer required
109 silly removeObsoleteDep removing resolve-from@3.0.0 from the tree as its been replaced by a newer version or is no longer required
110 silly removeObsoleteDep removing is-directory@0.3.1 from the tree as its been replaced by a newer version or is no longer required
111 silly removeObsoleteDep removing parse-json@4.0.0 from the tree as its been replaced by a newer version or is no longer required
112 silly removeObsoleteDep removing error-ex@1.3.2 from the tree as its been replaced by a newer version or is no longer required
113 silly removeObsoleteDep removing is-arrayish@0.2.1 from the tree as its been replaced by a newer version or is no longer required
114 silly removeObsoleteDep removing json-parse-better-errors@1.0.2 from the tree as its been replaced by a newer version or is no longer required
115 silly removeObsoleteDep removing deepmerge@3.3.0 from the tree as its been replaced by a newer version or is no longer required
116 silly removeObsoleteDep removing envinfo@7.8.1 from the tree as its been replaced by a newer version or is no longer required
117 silly removeObsoleteDep removing joi@17.4.2 from the tree as its been replaced by a newer version or is no longer required
118 silly removeObsoleteDep removing @hapi/hoek@9.2.0 from the tree as its been replaced by a newer version or is no longer required
119 silly removeObsoleteDep removing @hapi/topo@5.1.0 from the tree as its been replaced by a newer version or is no longer required
120 silly removeObsoleteDep removing @sideway/address@4.1.2 from the tree as its been replaced by a newer version or is no longer required
121 silly removeObsoleteDep removing @sideway/formula@3.0.0 from the tree as its been replaced by a newer version or is no longer required
122 silly removeObsoleteDep removing @sideway/pinpoint@2.0.0 from the tree as its been replaced by a newer version or is no longer required
123 silly removeObsoleteDep removing metro@0.64.0 from the tree as its been replaced by a newer version or is no longer required
124 silly removeObsoleteDep removing absolute-path@0.0.0 from the tree as its been replaced by a newer version or is no longer required
125 silly removeObsoleteDep removing async@2.6.3 from the tree as its been replaced by a newer version or is no longer required
126 silly removeObsoleteDep removing ci-info@2.0.0 from the tree as its been replaced by a newer version or is no longer required
127 silly removeObsoleteDep removing debug@2.6.9 from the tree as its been replaced by a newer version or is no longer required
128 silly removeObsoleteDep removing ms@2.0.0 from the tree as its been replaced by a newer version or is no longer required
129 silly removeObsoleteDep removing denodeify@1.2.1 from the tree as its been replaced by a newer version or is no longer required
130 silly removeObsoleteDep removing error-stack-parser@2.0.6 from the tree as its been replaced by a newer version or is no longer required
131 silly removeObsoleteDep removing stackframe@1.2.0 from the tree as its been replaced by a newer version or is no longer required
132 silly removeObsoleteDep removing fs-extra@1.0.0 from the tree as its been replaced by a newer version or is no longer required
133 silly removeObsoleteDep removing jsonfile@2.4.0 from the tree as its been replaced by a newer version or is no longer required
134 silly removeObsoleteDep removing klaw@1.3.1 from the tree as its been replaced by a newer version or is no longer required
135 silly removeObsoleteDep removing image-size@0.6.3 from the tree as its been replaced by a newer version or is no longer required
136 silly removeObsoleteDep removing jest-haste-map@26.6.2 from the tree as its been replaced by a newer version or is no longer required
137 silly removeObsoleteDep removing @jest/types@26.6.2 from the tree as its been replaced by a newer version or is no longer required
138 silly removeObsoleteDep removing @types/yargs@15.0.14 from the tree as its been replaced by a newer version or is no longer required
139 silly removeObsoleteDep removing jest-regex-util@26.0.0 from the tree as its been replaced by a newer version or is no longer required
140 silly removeObsoleteDep removing jest-serializer@26.6.2 from the tree as its been replaced by a newer version or is no longer required
141 silly removeObsoleteDep removing jest-util@26.6.2 from the tree as its been replaced by a newer version or is no longer required
142 silly removeObsoleteDep removing is-ci@2.0.0 from the tree as its been replaced by a newer version or is no longer required
143 silly removeObsoleteDep removing jest-worker@26.6.2 from the tree as its been replaced by a newer version or is no longer required
144 silly removeObsoleteDep removing sane@4.1.0 from the tree as its been replaced by a newer version or is no longer required
145 silly removeObsoleteDep removing @cnakazawa/watch@1.0.4 from the tree as its been replaced by a newer version or is no longer required
146 silly removeObsoleteDep removing exec-sh@0.3.6 from the tree as its been replaced by a newer version or is no longer required
147 silly removeObsoleteDep removing anymatch@2.0.0 from the tree as its been replaced by a newer version or is no longer required
148 silly removeObsoleteDep removing micromatch@3.1.10 from the tree as its been replaced by a newer version or is no longer required
149 silly removeObsoleteDep removing braces@2.3.2 from the tree as its been replaced by a newer version or is no longer required
150 silly removeObsoleteDep removing extend-shallow@2.0.1 from the tree as its been replaced by a newer version or is no longer required
151 silly removeObsoleteDep removing is-extendable@0.1.1 from the tree as its been replaced by a newer version or is no longer required
152 silly removeObsoleteDep removing fill-range@4.0.0 from the tree as its been replaced by a newer version or is no longer required
153 silly removeObsoleteDep removing extend-shallow@2.0.1 from the tree as its been replaced by a newer version or is no longer required
154 silly removeObsoleteDep removing is-extendable@0.1.1 from the tree as its been replaced by a newer version or is no longer required
155 silly removeObsoleteDep removing to-regex-range@2.1.1 from the tree as its been replaced by a newer version or is no longer required
156 silly removeObsoleteDep removing define-property@2.0.2 from the tree as its been replaced by a newer version or is no longer required
157 silly removeObsoleteDep removing extend-shallow@3.0.2 from the tree as its been replaced by a newer version or is no longer required
158 silly removeObsoleteDep removing is-extendable@1.0.1 from the tree as its been replaced by a newer version or is no longer required
159 silly removeObsoleteDep removing normalize-path@2.1.1 from the tree as its been replaced by a newer version or is no longer required
160 silly removeObsoleteDep removing remove-trailing-separator@1.1.0 from the tree as its been replaced by a newer version or is no longer required
161 silly removeObsoleteDep removing capture-exit@2.0.0 from the tree as its been replaced by a newer version or is no longer required
162 silly removeObsoleteDep removing rsvp@4.8.5 from the tree as its been replaced by a newer version or is no longer required
163 silly removeObsoleteDep removing lodash.throttle@4.1.1 from the tree as its been replaced by a newer version or is no longer required
164 silly removeObsoleteDep removing metro-cache@0.64.0 from the tree as its been replaced by a newer version or is no longer required
165 silly removeObsoleteDep removing metro-core@0.64.0 from the tree as its been replaced by a newer version or is no longer required
166 silly removeObsoleteDep removing jest-haste-map@26.6.2 from the tree as its been replaced by a newer version or is no longer required
167 silly removeObsoleteDep removing @jest/types@26.6.2 from the tree as its been replaced by a newer version or is no longer required
168 silly removeObsoleteDep removing @types/yargs@15.0.14 from the tree as its been replaced by a newer version or is no longer required
169 silly removeObsoleteDep removing jest-regex-util@26.0.0 from the tree as its been replaced by a newer version or is no longer required
170 silly removeObsoleteDep removing jest-serializer@26.6.2 from the tree as its been replaced by a newer version or is no longer required
171 silly removeObsoleteDep removing jest-util@26.6.2 from the tree as its been replaced by a newer version or is no longer required
172 silly removeObsoleteDep removing is-ci@2.0.0 from the tree as its been replaced by a newer version or is no longer required
173 silly removeObsoleteDep removing jest-worker@26.6.2 from the tree as its been replaced by a newer version or is no longer required
174 silly removeObsoleteDep removing metro-resolver@0.64.0 from the tree as its been replaced by a newer version or is no longer required
175 silly removeObsoleteDep removing mkdirp@0.5.5 from the tree as its been replaced by a newer version or is no longer required
176 silly removeObsoleteDep removing rimraf@2.7.1 from the tree as its been replaced by a newer version or is no longer required
177 silly removeObsoleteDep removing metro-cache-key@0.64.0 from the tree as its been replaced by a newer version or is no longer required
178 silly removeObsoleteDep removing metro-config@0.64.0 from the tree as its been replaced by a newer version or is no longer required
179 silly removeObsoleteDep removing jest-validate@26.6.2 from the tree as its been replaced by a newer version or is no longer required
180 silly removeObsoleteDep removing @jest/types@26.6.2 from the tree as its been replaced by a newer version or is no longer required
181 silly removeObsoleteDep removing @types/yargs@15.0.14 from the tree as its been replaced by a newer version or is no longer required
182 silly removeObsoleteDep removing camelcase@6.2.0 from the tree as its been replaced by a newer version or is no longer required
183 silly removeObsoleteDep removing jest-get-type@26.3.0 from the tree as its been replaced by a newer version or is no longer required
184 silly removeObsoleteDep removing pretty-format@26.6.2 from the tree as its been replaced by a newer version or is no longer required
185 silly removeObsoleteDep removing metro-hermes-compiler@0.64.0 from the tree as its been replaced by a newer version or is no longer required
186 silly removeObsoleteDep removing metro-inspector-proxy@0.64.0 from the tree as its been replaced by a newer version or is no longer required
187 silly removeObsoleteDep removing debug@2.6.9 from the tree as its been replaced by a newer version or is no longer required
188 silly removeObsoleteDep removing ms@2.0.0 from the tree as its been replaced by a newer version or is no longer required
189 silly removeObsoleteDep removing metro-minify-uglify@0.64.0 from the tree as its been replaced by a newer version or is no longer required
190 silly removeObsoleteDep removing uglify-es@3.3.9 from the tree as its been replaced by a newer version or is no longer required
191 silly removeObsoleteDep removing commander@2.13.0 from the tree as its been replaced by a newer version or is no longer required
192 silly removeObsoleteDep removing metro-react-native-babel-preset@0.64.0 from the tree as its been replaced by a newer version or is no longer required
193 silly removeObsoleteDep removing metro-transform-plugins@0.64.0 from the tree as its been replaced by a newer version or is no longer required
194 silly removeObsoleteDep removing metro-transform-worker@0.64.0 from the tree as its been replaced by a newer version or is no longer required
195 silly removeObsoleteDep removing serialize-error@2.1.0 from the tree as its been replaced by a newer version or is no longer required
196 silly removeObsoleteDep removing source-map@0.5.7 from the tree as its been replaced by a newer version or is no longer required
197 silly removeObsoleteDep removing temp@0.8.3 from the tree as its been replaced by a newer version or is no longer required
198 silly removeObsoleteDep removing os-tmpdir@1.0.2 from the tree as its been replaced by a newer version or is no longer required
199 silly removeObsoleteDep removing rimraf@2.2.8 from the tree as its been replaced by a newer version or is no longer required
200 silly removeObsoleteDep removing throat@5.0.0 from the tree as its been replaced by a newer version or is no longer required
201 silly removeObsoleteDep removing node-stream-zip@1.14.0 from the tree as its been replaced by a newer version or is no longer required
202 silly removeObsoleteDep removing pretty-format@26.6.2 from the tree as its been replaced by a newer version or is no longer required
203 silly removeObsoleteDep removing @jest/types@26.6.2 from the tree as its been replaced by a newer version or is no longer required
204 silly removeObsoleteDep removing @types/yargs@15.0.14 from the tree as its been replaced by a newer version or is no longer required
205 silly removeObsoleteDep removing chalk@4.1.2 from the tree as its been replaced by a newer version or is no longer required
206 silly removeObsoleteDep removing ansi-regex@5.0.0 from the tree as its been replaced by a newer version or is no longer required
207 silly removeObsoleteDep removing strip-ansi@5.2.0 from the tree as its been replaced by a newer version or is no longer required
208 silly removeObsoleteDep removing ansi-regex@4.1.0 from the tree as its been replaced by a newer version or is no longer required
209 silly removeObsoleteDep removing sudo-prompt@9.2.1 from the tree as its been replaced by a newer version or is no longer required
210 silly removeObsoleteDep removing @react-native-community/cli-platform-android@5.0.1 from the tree as its been replaced by a newer version or is no longer required
211 silly removeObsoleteDep removing chalk@3.0.0 from the tree as its been replaced by a newer version or is no longer required
212 silly removeObsoleteDep removing execa@1.0.0 from the tree as its been replaced by a newer version or is no longer required
213 silly removeObsoleteDep removing cross-spawn@6.0.5 from the tree as its been replaced by a newer version or is no longer required
214 silly removeObsoleteDep removing nice-try@1.0.5 from the tree as its been replaced by a newer version or is no longer required
215 silly removeObsoleteDep removing path-key@2.0.1 from the tree as its been replaced by a newer version or is no longer required
216 silly removeObsoleteDep removing semver@5.7.1 from the tree as its been replaced by a newer version or is no longer required
217 silly removeObsoleteDep removing shebang-command@1.2.0 from the tree as its been replaced by a newer version or is no longer required
218 silly removeObsoleteDep removing shebang-regex@1.0.0 from the tree as its been replaced by a newer version or is no longer required
219 silly removeObsoleteDep removing which@1.3.1 from the tree as its been replaced by a newer version or is no longer required
220 silly removeObsoleteDep removing get-stream@4.1.0 from the tree as its been replaced by a newer version or is no longer required
221 silly removeObsoleteDep removing pump@3.0.0 from the tree as its been replaced by a newer version or is no longer required
222 silly removeObsoleteDep removing end-of-stream@1.4.4 from the tree as its been replaced by a newer version or is no longer required
223 silly removeObsoleteDep removing is-stream@1.1.0 from the tree as its been replaced by a newer version or is no longer required
224 silly removeObsoleteDep removing npm-run-path@2.0.2 from the tree as its been replaced by a newer version or is no longer required
225 silly removeObsoleteDep removing p-finally@1.0.0 from the tree as its been replaced by a newer version or is no longer required
226 silly removeObsoleteDep removing strip-eof@1.0.0 from the tree as its been replaced by a newer version or is no longer required
227 silly removeObsoleteDep removing fs-extra@8.1.0 from the tree as its been replaced by a newer version or is no longer required
228 silly removeObsoleteDep removing jsonfile@4.0.0 from the tree as its been replaced by a newer version or is no longer required
229 silly removeObsoleteDep removing jetifier@1.6.8 from the tree as its been replaced by a newer version or is no longer required
230 silly removeObsoleteDep removing logkitty@0.7.1 from the tree as its been replaced by a newer version or is no longer required
231 silly removeObsoleteDep removing ansi-fragments@0.2.1 from the tree as its been replaced by a newer version or is no longer required
232 silly removeObsoleteDep removing slice-ansi@2.1.0 from the tree as its been replaced by a newer version or is no longer required
233 silly removeObsoleteDep removing ansi-styles@3.2.1 from the tree as its been replaced by a newer version or is no longer required
234 silly removeObsoleteDep removing color-convert@1.9.3 from the tree as its been replaced by a newer version or is no longer required
235 silly removeObsoleteDep removing color-name@1.1.3 from the tree as its been replaced by a newer version or is no longer required
236 silly removeObsoleteDep removing astral-regex@1.0.0 from the tree as its been replaced by a newer version or is no longer required
237 silly removeObsoleteDep removing is-fullwidth-code-point@2.0.0 from the tree as its been replaced by a newer version or is no longer required
238 silly removeObsoleteDep removing strip-ansi@5.2.0 from the tree as its been replaced by a newer version or is no longer required
239 silly removeObsoleteDep removing ansi-regex@4.1.0 from the tree as its been replaced by a newer version or is no longer required
240 silly removeObsoleteDep removing dayjs@1.10.6 from the tree as its been replaced by a newer version or is no longer required
241 silly removeObsoleteDep removing yargs@15.4.1 from the tree as its been replaced by a newer version or is no longer required
242 silly removeObsoleteDep removing cliui@6.0.0 from the tree as its been replaced by a newer version or is no longer required
243 silly removeObsoleteDep removing wrap-ansi@6.2.0 from the tree as its been replaced by a newer version or is no longer required
244 silly removeObsoleteDep removing decamelize@1.2.0 from the tree as its been replaced by a newer version or is no longer required
245 silly removeObsoleteDep removing require-main-filename@2.0.0 from the tree as its been replaced by a newer version or is no longer required
246 silly removeObsoleteDep removing set-blocking@2.0.0 from the tree as its been replaced by a newer version or is no longer required
247 silly removeObsoleteDep removing which-module@2.0.0 from the tree as its been replaced by a newer version or is no longer required
248 silly removeObsoleteDep removing y18n@4.0.3 from the tree as its been replaced by a newer version or is no longer required
249 silly removeObsoleteDep removing yargs-parser@18.1.3 from the tree as its been replaced by a newer version or is no longer required
250 silly removeObsoleteDep removing xmldoc@1.1.2 from the tree as its been replaced by a newer version or is no longer required
251 silly removeObsoleteDep removing sax@1.2.4 from the tree as its been replaced by a newer version or is no longer required
252 silly removeObsoleteDep removing @react-native-community/cli-platform-ios@5.0.1 from the tree as its been replaced by a newer version or is no longer required
253 silly removeObsoleteDep removing @react-native-community/cli-tools@5.0.1 from the tree as its been replaced by a newer version or is no longer required
254 silly removeObsoleteDep removing chalk@3.0.0 from the tree as its been replaced by a newer version or is no longer required
255 silly removeObsoleteDep removing mime@2.5.2 from the tree as its been replaced by a newer version or is no longer required
256 silly removeObsoleteDep removing node-fetch@2.6.1 from the tree as its been replaced by a newer version or is no longer required
257 silly removeObsoleteDep removing open@6.4.0 from the tree as its been replaced by a newer version or is no longer required
258 silly removeObsoleteDep removing is-wsl@1.1.0 from the tree as its been replaced by a newer version or is no longer required
259 silly removeObsoleteDep removing shell-quote@1.6.1 from the tree as its been replaced by a newer version or is no longer required
260 silly removeObsoleteDep removing jsonify@0.0.0 from the tree as its been replaced by a newer version or is no longer required
261 silly removeObsoleteDep removing array-filter@0.0.1 from the tree as its been replaced by a newer version or is no longer required
262 silly removeObsoleteDep removing array-reduce@0.0.0 from the tree as its been replaced by a newer version or is no longer required
263 silly removeObsoleteDep removing array-map@0.0.0 from the tree as its been replaced by a newer version or is no longer required
264 silly removeObsoleteDep removing chalk@3.0.0 from the tree as its been replaced by a newer version or is no longer required
265 silly removeObsoleteDep removing plist@3.0.2 from the tree as its been replaced by a newer version or is no longer required
266 silly removeObsoleteDep removing xmlbuilder@9.0.7 from the tree as its been replaced by a newer version or is no longer required
267 silly removeObsoleteDep removing xmldom@0.5.0 from the tree as its been replaced by a newer version or is no longer required
268 silly removeObsoleteDep removing xcode@2.1.0 from the tree as its been replaced by a newer version or is no longer required
269 silly removeObsoleteDep removing simple-plist@1.1.1 from the tree as its been replaced by a newer version or is no longer required
270 silly removeObsoleteDep removing bplist-creator@0.0.8 from the tree as its been replaced by a newer version or is no longer required
271 silly removeObsoleteDep removing stream-buffers@2.2.0 from the tree as its been replaced by a newer version or is no longer required
272 silly removeObsoleteDep removing bplist-parser@0.2.0 from the tree as its been replaced by a newer version or is no longer required
273 silly removeObsoleteDep removing big-integer@1.6.48 from the tree as its been replaced by a newer version or is no longer required
274 silly removeObsoleteDep removing uuid@3.4.0 from the tree as its been replaced by a newer version or is no longer required
275 silly removeObsoleteDep removing @react-native/assets@1.0.0 from the tree as its been replaced by a newer version or is no longer required
276 silly removeObsoleteDep removing @react-native/normalize-color@1.0.0 from the tree as its been replaced by a newer version or is no longer required
277 silly removeObsoleteDep removing @react-native/polyfills@1.0.0 from the tree as its been replaced by a newer version or is no longer required
278 silly removeObsoleteDep removing abort-controller@3.0.0 from the tree as its been replaced by a newer version or is no longer required
279 silly removeObsoleteDep removing anser@1.4.10 from the tree as its been replaced by a newer version or is no longer required
280 silly removeObsoleteDep removing base64-js@1.5.1 from the tree as its been replaced by a newer version or is no longer required
281 silly removeObsoleteDep removing event-target-shim@5.0.1 from the tree as its been replaced by a newer version or is no longer required
282 silly removeObsoleteDep removing hermes-engine@0.7.2 from the tree as its been replaced by a newer version or is no longer required
283 silly removeObsoleteDep removing jsc-android@245459.0.0 from the tree as its been replaced by a newer version or is no longer required
284 silly removeObsoleteDep removing metro-babel-register@0.64.0 from the tree as its been replaced by a newer version or is no longer required
285 silly removeObsoleteDep removing metro-react-native-babel-transformer@0.64.0 from the tree as its been replaced by a newer version or is no longer required
286 silly removeObsoleteDep removing babel-preset-fbjs@3.4.0 from the tree as its been replaced by a newer version or is no longer required
287 silly removeObsoleteDep removing @babel/plugin-transform-block-scoped-functions@7.14.5 from the tree as its been replaced by a newer version or is no longer required
288 silly removeObsoleteDep removing @babel/plugin-transform-member-expression-literals@7.14.5 from the tree as its been replaced by a newer version or is no longer required
289 silly removeObsoleteDep removing @babel/plugin-transform-object-super@7.14.5 from the tree as its been replaced by a newer version or is no longer required
290 silly removeObsoleteDep removing @babel/plugin-transform-property-literals@7.14.5 from the tree as its been replaced by a newer version or is no longer required
291 silly removeObsoleteDep removing babel-plugin-syntax-trailing-function-commas@7.0.0-beta.0 from the tree as its been replaced by a newer version or is no longer required
292 silly removeObsoleteDep removing metro-babel-transformer@0.64.0 from the tree as its been replaced by a newer version or is no longer required
293 silly removeObsoleteDep removing metro-react-native-babel-preset@0.64.0 from the tree as its been replaced by a newer version or is no longer required
294 silly removeObsoleteDep removing metro-runtime@0.64.0 from the tree as its been replaced by a newer version or is no longer required
295 silly removeObsoleteDep removing metro-source-map@0.64.0 from the tree as its been replaced by a newer version or is no longer required
296 silly removeObsoleteDep removing invariant@2.2.4 from the tree as its been replaced by a newer version or is no longer required
297 silly removeObsoleteDep removing metro-symbolicate@0.64.0 from the tree as its been replaced by a newer version or is no longer required
298 silly removeObsoleteDep removing source-map@0.5.7 from the tree as its been replaced by a newer version or is no longer required
299 silly removeObsoleteDep removing through2@2.0.5 from the tree as its been replaced by a newer version or is no longer required
300 silly removeObsoleteDep removing readable-stream@2.3.7 from the tree as its been replaced by a newer version or is no longer required
301 silly removeObsoleteDep removing core-util-is@1.0.2 from the tree as its been replaced by a newer version or is no longer required
302 silly removeObsoleteDep removing process-nextick-args@2.0.1 from the tree as its been replaced by a newer version or is no longer required
303 silly removeObsoleteDep removing string_decoder@1.1.1 from the tree as its been replaced by a newer version or is no longer required
304 silly removeObsoleteDep removing util-deprecate@1.0.2 from the tree as its been replaced by a newer version or is no longer required
305 silly removeObsoleteDep removing xtend@4.0.2 from the tree as its been replaced by a newer version or is no longer required
306 silly removeObsoleteDep removing vlq@1.0.1 from the tree as its been replaced by a newer version or is no longer required
307 silly removeObsoleteDep removing ob1@0.64.0 from the tree as its been replaced by a newer version or is no longer required
308 silly removeObsoleteDep removing source-map@0.5.7 from the tree as its been replaced by a newer version or is no longer required
309 silly removeObsoleteDep removing pretty-format@26.6.2 from the tree as its been replaced by a newer version or is no longer required
310 silly removeObsoleteDep removing @jest/types@26.6.2 from the tree as its been replaced by a newer version or is no longer required
311 silly removeObsoleteDep removing @types/yargs@15.0.14 from the tree as its been replaced by a newer version or is no longer required
312 silly removeObsoleteDep removing promise@8.1.0 from the tree as its been replaced by a newer version or is no longer required
313 silly removeObsoleteDep removing asap@2.0.6 from the tree as its been replaced by a newer version or is no longer required
314 silly removeObsoleteDep removing react-devtools-core@4.14.0 from the tree as its been replaced by a newer version or is no longer required
315 silly removeObsoleteDep removing shell-quote@1.7.2 from the tree as its been replaced by a newer version or is no longer required
316 silly removeObsoleteDep removing ws@7.5.3 from the tree as its been replaced by a newer version or is no longer required
317 silly removeObsoleteDep removing react-native-codegen@0.0.6 from the tree as its been replaced by a newer version or is no longer required
318 silly removeObsoleteDep removing flow-parser@0.121.0 from the tree as its been replaced by a newer version or is no longer required
319 silly removeObsoleteDep removing jscodeshift@0.11.0 from the tree as its been replaced by a newer version or is no longer required
320 silly removeObsoleteDep removing @babel/preset-flow@7.14.5 from the tree as its been replaced by a newer version or is no longer required
321 silly removeObsoleteDep removing @babel/preset-typescript@7.14.5 from the tree as its been replaced by a newer version or is no longer required
322 silly removeObsoleteDep removing @babel/register@7.14.5 from the tree as its been replaced by a newer version or is no longer required
323 silly removeObsoleteDep removing clone-deep@4.0.1 from the tree as its been replaced by a newer version or is no longer required
324 silly removeObsoleteDep removing is-plain-object@2.0.4 from the tree as its been replaced by a newer version or is no longer required
325 silly removeObsoleteDep removing isobject@3.0.1 from the tree as its been replaced by a newer version or is no longer required
326 silly removeObsoleteDep removing kind-of@6.0.3 from the tree as its been replaced by a newer version or is no longer required
327 silly removeObsoleteDep removing shallow-clone@3.0.1 from the tree as its been replaced by a newer version or is no longer required
328 silly removeObsoleteDep removing find-cache-dir@2.1.0 from the tree as its been replaced by a newer version or is no longer required
329 silly removeObsoleteDep removing commondir@1.0.1 from the tree as its been replaced by a newer version or is no longer required
330 silly removeObsoleteDep removing make-dir@2.1.0 from the tree as its been replaced by a newer version or is no longer required
331 silly removeObsoleteDep removing pify@4.0.1 from the tree as its been replaced by a newer version or is no longer required
332 silly removeObsoleteDep removing semver@5.7.1 from the tree as its been replaced by a newer version or is no longer required
333 silly removeObsoleteDep removing pkg-dir@3.0.0 from the tree as its been replaced by a newer version or is no longer required
334 silly removeObsoleteDep removing find-up@3.0.0 from the tree as its been replaced by a newer version or is no longer required
335 silly removeObsoleteDep removing locate-path@3.0.0 from the tree as its been replaced by a newer version or is no longer required
336 silly removeObsoleteDep removing p-locate@3.0.0 from the tree as its been replaced by a newer version or is no longer required
337 silly removeObsoleteDep removing path-exists@3.0.0 from the tree as its been replaced by a newer version or is no longer required
338 silly removeObsoleteDep removing babel-core@7.0.0-bridge.0 from the tree as its been replaced by a newer version or is no longer required
339 silly removeObsoleteDep removing colors@1.4.0 from the tree as its been replaced by a newer version or is no longer required
340 silly removeObsoleteDep removing flow-parser@0.156.0 from the tree as its been replaced by a newer version or is no longer required
341 silly removeObsoleteDep removing micromatch@3.1.10 from the tree as its been replaced by a newer version or is no longer required
342 silly removeObsoleteDep removing arr-diff@4.0.0 from the tree as its been replaced by a newer version or is no longer required
343 silly removeObsoleteDep removing array-unique@0.3.2 from the tree as its been replaced by a newer version or is no longer required
344 silly removeObsoleteDep removing braces@2.3.2 from the tree as its been replaced by a newer version or is no longer required
345 silly removeObsoleteDep removing arr-flatten@1.1.0 from the tree as its been replaced by a newer version or is no longer required
346 silly removeObsoleteDep removing extend-shallow@2.0.1 from the tree as its been replaced by a newer version or is no longer required
347 silly removeObsoleteDep removing is-extendable@0.1.1 from the tree as its been replaced by a newer version or is no longer required
348 silly removeObsoleteDep removing fill-range@4.0.0 from the tree as its been replaced by a newer version or is no longer required
349 silly removeObsoleteDep removing extend-shallow@2.0.1 from the tree as its been replaced by a newer version or is no longer required
350 silly removeObsoleteDep removing is-extendable@0.1.1 from the tree as its been replaced by a newer version or is no longer required
351 silly removeObsoleteDep removing is-number@3.0.0 from the tree as its been replaced by a newer version or is no longer required
352 silly removeObsoleteDep removing kind-of@3.2.2 from the tree as its been replaced by a newer version or is no longer required
353 silly removeObsoleteDep removing is-buffer@1.1.6 from the tree as its been replaced by a newer version or is no longer required
354 silly removeObsoleteDep removing repeat-string@1.6.1 from the tree as its been replaced by a newer version or is no longer required
355 silly removeObsoleteDep removing to-regex-range@2.1.1 from the tree as its been replaced by a newer version or is no longer required
356 silly removeObsoleteDep removing repeat-element@1.1.4 from the tree as its been replaced by a newer version or is no longer required
357 silly removeObsoleteDep removing snapdragon@0.8.2 from the tree as its been replaced by a newer version or is no longer required
358 silly removeObsoleteDep removing base@0.11.2 from the tree as its been replaced by a newer version or is no longer required
359 silly removeObsoleteDep removing cache-base@1.0.1 from the tree as its been replaced by a newer version or is no longer required
360 silly removeObsoleteDep removing collection-visit@1.0.0 from the tree as its been replaced by a newer version or is no longer required
361 silly removeObsoleteDep removing map-visit@1.0.0 from the tree as its been replaced by a newer version or is no longer required
362 silly removeObsoleteDep removing object-visit@1.0.1 from the tree as its been replaced by a newer version or is no longer required
363 silly removeObsoleteDep removing component-emitter@1.3.0 from the tree as its been replaced by a newer version or is no longer required
364 silly removeObsoleteDep removing get-value@2.0.6 from the tree as its been replaced by a newer version or is no longer required
365 silly removeObsoleteDep removing has-value@1.0.0 from the tree as its been replaced by a newer version or is no longer required
366 silly removeObsoleteDep removing has-values@1.0.0 from the tree as its been replaced by a newer version or is no longer required
367 silly removeObsoleteDep removing kind-of@4.0.0 from the tree as its been replaced by a newer version or is no longer required
368 silly removeObsoleteDep removing set-value@2.0.1 from the tree as its been replaced by a newer version or is no longer required
369 silly removeObsoleteDep removing extend-shallow@2.0.1 from the tree as its been replaced by a newer version or is no longer required
370 silly removeObsoleteDep removing is-extendable@0.1.1 from the tree as its been replaced by a newer version or is no longer required
371 silly removeObsoleteDep removing split-string@3.1.0 from the tree as its been replaced by a newer version or is no longer required
372 silly removeObsoleteDep removing extend-shallow@3.0.2 from the tree as its been replaced by a newer version or is no longer required
373 silly removeObsoleteDep removing assign-symbols@1.0.0 from the tree as its been replaced by a newer version or is no longer required
374 silly removeObsoleteDep removing is-extendable@1.0.1 from the tree as its been replaced by a newer version or is no longer required
375 silly removeObsoleteDep removing to-object-path@0.3.0 from the tree as its been replaced by a newer version or is no longer required
376 silly removeObsoleteDep removing kind-of@3.2.2 from the tree as its been replaced by a newer version or is no longer required
377 silly removeObsoleteDep removing union-value@1.0.1 from the tree as its been replaced by a newer version or is no longer required
378 silly removeObsoleteDep removing arr-union@3.1.0 from the tree as its been replaced by a newer version or is no longer required
379 silly removeObsoleteDep removing unset-value@1.0.0 from the tree as its been replaced by a newer version or is no longer required
380 silly removeObsoleteDep removing has-value@0.3.1 from the tree as its been replaced by a newer version or is no longer required
381 silly removeObsoleteDep removing has-values@0.1.4 from the tree as its been replaced by a newer version or is no longer required
382 silly removeObsoleteDep removing isobject@2.1.0 from the tree as its been replaced by a newer version or is no longer required
383 silly removeObsoleteDep removing isarray@1.0.0 from the tree as its been replaced by a newer version or is no longer required
384 silly removeObsoleteDep removing class-utils@0.3.6 from the tree as its been replaced by a newer version or is no longer required
385 silly removeObsoleteDep removing define-property@0.2.5 from the tree as its been replaced by a newer version or is no longer required
386 silly removeObsoleteDep removing is-descriptor@0.1.6 from the tree as its been replaced by a newer version or is no longer required
387 silly removeObsoleteDep removing is-accessor-descriptor@0.1.6 from the tree as its been replaced by a newer version or is no longer required
388 silly removeObsoleteDep removing kind-of@3.2.2 from the tree as its been replaced by a newer version or is no longer required
389 silly removeObsoleteDep removing is-data-descriptor@0.1.4 from the tree as its been replaced by a newer version or is no longer required
390 silly removeObsoleteDep removing kind-of@3.2.2 from the tree as its been replaced by a newer version or is no longer required
391 silly removeObsoleteDep removing kind-of@5.1.0 from the tree as its been replaced by a newer version or is no longer required
392 silly removeObsoleteDep removing static-extend@0.1.2 from the tree as its been replaced by a newer version or is no longer required
393 silly removeObsoleteDep removing object-copy@0.1.0 from the tree as its been replaced by a newer version or is no longer required
394 silly removeObsoleteDep removing copy-descriptor@0.1.1 from the tree as its been replaced by a newer version or is no longer required
395 silly removeObsoleteDep removing kind-of@3.2.2 from the tree as its been replaced by a newer version or is no longer required
396 silly removeObsoleteDep removing define-property@1.0.0 from the tree as its been replaced by a newer version or is no longer required
397 silly removeObsoleteDep removing is-descriptor@1.0.2 from the tree as its been replaced by a newer version or is no longer required
398 silly removeObsoleteDep removing is-accessor-descriptor@1.0.0 from the tree as its been replaced by a newer version or is no longer required
399 silly removeObsoleteDep removing is-data-descriptor@1.0.0 from the tree as its been replaced by a newer version or is no longer required
400 silly removeObsoleteDep removing mixin-deep@1.3.2 from the tree as its been replaced by a newer version or is no longer required
401 silly removeObsoleteDep removing for-in@1.0.2 from the tree as its been replaced by a newer version or is no longer required
402 silly removeObsoleteDep removing is-extendable@1.0.1 from the tree as its been replaced by a newer version or is no longer required
403 silly removeObsoleteDep removing pascalcase@0.1.1 from the tree as its been replaced by a newer version or is no longer required
404 silly removeObsoleteDep removing debug@2.6.9 from the tree as its been replaced by a newer version or is no longer required
405 silly removeObsoleteDep removing ms@2.0.0 from the tree as its been replaced by a newer version or is no longer required
406 silly removeObsoleteDep removing map-cache@0.2.2 from the tree as its been replaced by a newer version or is no longer required
407 silly removeObsoleteDep removing source-map@0.5.7 from the tree as its been replaced by a newer version or is no longer required
408 silly removeObsoleteDep removing source-map-resolve@0.5.3 from the tree as its been replaced by a newer version or is no longer required
409 silly removeObsoleteDep removing atob@2.1.2 from the tree as its been replaced by a newer version or is no longer required
410 silly removeObsoleteDep removing decode-uri-component@0.2.0 from the tree as its been replaced by a newer version or is no longer required
411 silly removeObsoleteDep removing resolve-url@0.2.1 from the tree as its been replaced by a newer version or is no longer required
412 silly removeObsoleteDep removing source-map-url@0.4.1 from the tree as its been replaced by a newer version or is no longer required
413 silly removeObsoleteDep removing urix@0.1.0 from the tree as its been replaced by a newer version or is no longer required
414 silly removeObsoleteDep removing use@3.1.1 from the tree as its been replaced by a newer version or is no longer required
415 silly removeObsoleteDep removing snapdragon-node@2.1.1 from the tree as its been replaced by a newer version or is no longer required
416 silly removeObsoleteDep removing define-property@1.0.0 from the tree as its been replaced by a newer version or is no longer required
417 silly removeObsoleteDep removing snapdragon-util@3.0.1 from the tree as its been replaced by a newer version or is no longer required
418 silly removeObsoleteDep removing kind-of@3.2.2 from the tree as its been replaced by a newer version or is no longer required
419 silly removeObsoleteDep removing to-regex@3.0.2 from the tree as its been replaced by a newer version or is no longer required
420 silly removeObsoleteDep removing define-property@2.0.2 from the tree as its been replaced by a newer version or is no longer required
421 silly removeObsoleteDep removing extend-shallow@3.0.2 from the tree as its been replaced by a newer version or is no longer required
422 silly removeObsoleteDep removing is-extendable@1.0.1 from the tree as its been replaced by a newer version or is no longer required
423 silly removeObsoleteDep removing regex-not@1.0.2 from the tree as its been replaced by a newer version or is no longer required
424 silly removeObsoleteDep removing extend-shallow@3.0.2 from the tree as its been replaced by a newer version or is no longer required
425 silly removeObsoleteDep removing is-extendable@1.0.1 from the tree as its been replaced by a newer version or is no longer required
426 silly removeObsoleteDep removing safe-regex@1.1.0 from the tree as its been replaced by a newer version or is no longer required
427 silly removeObsoleteDep removing ret@0.1.15 from the tree as its been replaced by a newer version or is no longer required
428 silly removeObsoleteDep removing define-property@2.0.2 from the tree as its been replaced by a newer version or is no longer required
429 silly removeObsoleteDep removing extend-shallow@3.0.2 from the tree as its been replaced by a newer version or is no longer required
430 silly removeObsoleteDep removing is-extendable@1.0.1 from the tree as its been replaced by a newer version or is no longer required
431 silly removeObsoleteDep removing extglob@2.0.4 from the tree as its been replaced by a newer version or is no longer required
432 silly removeObsoleteDep removing define-property@1.0.0 from the tree as its been replaced by a newer version or is no longer required
433 silly removeObsoleteDep removing expand-brackets@2.1.4 from the tree as its been replaced by a newer version or is no longer required
434 silly removeObsoleteDep removing debug@2.6.9 from the tree as its been replaced by a newer version or is no longer required
435 silly removeObsoleteDep removing ms@2.0.0 from the tree as its been replaced by a newer version or is no longer required
436 silly removeObsoleteDep removing posix-character-classes@0.1.1 from the tree as its been replaced by a newer version or is no longer required
437 silly removeObsoleteDep removing fragment-cache@0.2.1 from the tree as its been replaced by a newer version or is no longer required
438 silly removeObsoleteDep removing nanomatch@1.2.13 from the tree as its been replaced by a newer version or is no longer required
439 silly removeObsoleteDep removing define-property@2.0.2 from the tree as its been replaced by a newer version or is no longer required
440 silly removeObsoleteDep removing extend-shallow@3.0.2 from the tree as its been replaced by a newer version or is no longer required
441 silly removeObsoleteDep removing is-extendable@1.0.1 from the tree as its been replaced by a newer version or is no longer required
442 silly removeObsoleteDep removing is-windows@1.0.2 from the tree as its been replaced by a newer version or is no longer required
443 silly removeObsoleteDep removing object.pick@1.3.0 from the tree as its been replaced by a newer version or is no longer required
444 silly removeObsoleteDep removing neo-async@2.6.2 from the tree as its been replaced by a newer version or is no longer required
445 silly removeObsoleteDep removing node-dir@0.1.17 from the tree as its been replaced by a newer version or is no longer required
446 silly removeObsoleteDep removing recast@0.20.5 from the tree as its been replaced by a newer version or is no longer required
447 silly removeObsoleteDep removing ast-types@0.14.2 from the tree as its been replaced by a newer version or is no longer required
448 silly removeObsoleteDep removing tslib@2.3.0 from the tree as its been replaced by a newer version or is no longer required
449 silly removeObsoleteDep removing temp@0.8.4 from the tree as its been replaced by a newer version or is no longer required
450 silly removeObsoleteDep removing rimraf@2.6.3 from the tree as its been replaced by a newer version or is no longer required
451 silly removeObsoleteDep removing write-file-atomic@2.4.3 from the tree as its been replaced by a newer version or is no longer required
452 silly removeObsoleteDep removing nullthrows@1.1.1 from the tree as its been replaced by a newer version or is no longer required
453 silly removeObsoleteDep removing shelljs@0.8.4 from the tree as its been replaced by a newer version or is no longer required
454 silly removeObsoleteDep removing interpret@1.4.0 from the tree as its been replaced by a newer version or is no longer required
455 silly removeObsoleteDep removing rechoir@0.6.2 from the tree as its been replaced by a newer version or is no longer required
456 silly removeObsoleteDep removing stacktrace-parser@0.1.10 from the tree as its been replaced by a newer version or is no longer required
457 silly removeObsoleteDep removing type-fest@0.7.1 from the tree as its been replaced by a newer version or is no longer required
458 silly removeObsoleteDep removing use-subscription@1.5.1 from the tree as its been replaced by a newer version or is no longer required
459 silly removeObsoleteDep removing whatwg-fetch@3.6.2 from the tree as its been replaced by a newer version or is no longer required
460 silly removeObsoleteDep removing ws@6.2.2 from the tree as its been replaced by a newer version or is no longer required
461 silly removeObsoleteDep removing async-limiter@1.0.1 from the tree as its been replaced by a newer version or is no longer required
462 http fetch GET 200 https://registry.npmjs.org/react 4748ms
463 http fetch GET 200 https://registry.npmjs.org/react/-/react-17.0.1.tgz 239ms
464 silly pacote version manifest for react@17.0.1 fetched in 5026ms
465 silly resolveWithNewModule react@17.0.1 checking installable status
466 http fetch GET 200 https://registry.npmjs.org/react-native 6032ms
467 http fetch GET 200 https://registry.npmjs.org/react-native/-/react-native-0.64.2.tgz 46226ms
468 silly pacote version manifest for react-native@0.64.2 fetched in 52289ms
469 silly resolveWithNewModule react-native@0.64.2 checking installable status
470 silly removeObsoleteDep removing loose-envify@1.4.0 from the tree as its been replaced by a newer version or is no longer required
471 silly removeObsoleteDep removing object-assign@4.1.1 from the tree as its been replaced by a newer version or is no longer required
472 http fetch GET 200 https://registry.npmjs.org/loose-envify 69ms
473 http fetch GET 200 https://registry.npmjs.org/object-assign 111ms
474 http fetch GET 200 https://registry.npmjs.org/loose-envify/-/loose-envify-1.4.0.tgz 64ms
475 silly pacote version manifest for loose-envify@1.4.0 fetched in 141ms
476 silly resolveWithNewModule loose-envify@1.4.0 checking installable status
477 http fetch GET 200 https://registry.npmjs.org/object-assign/-/object-assign-4.1.1.tgz 53ms
478 silly pacote version manifest for object-assign@4.1.1 fetched in 173ms
479 silly resolveWithNewModule object-assign@4.1.1 checking installable status
480 silly removeObsoleteDep removing js-tokens@4.0.0 from the tree as its been replaced by a newer version or is no longer required
481 http fetch GET 200 https://registry.npmjs.org/js-tokens 57ms
482 http fetch GET 200 https://registry.npmjs.org/js-tokens/-/js-tokens-4.0.0.tgz 48ms
483 silly pacote version manifest for js-tokens@4.0.0 fetched in 112ms
484 silly resolveWithNewModule js-tokens@4.0.0 checking installable status
485 silly removeObsoleteDep removing prop-types@15.7.2 from the tree as its been replaced by a newer version or is no longer required
486 silly removeObsoleteDep removing react-is@16.13.1 from the tree as its been replaced by a newer version or is no longer required
487 silly removeObsoleteDep removing react-refresh@0.4.3 from the tree as its been replaced by a newer version or is no longer required
488 silly removeObsoleteDep removing regenerator-runtime@0.13.9 from the tree as its been replaced by a newer version or is no longer required
489 silly removeObsoleteDep removing scheduler@0.20.2 from the tree as its been replaced by a newer version or is no longer required
490 http fetch GET 200 https://registry.npmjs.org/abort-controller 138ms
491 http fetch GET 200 https://registry.npmjs.org/base64-js 139ms
492 http fetch GET 200 https://registry.npmjs.org/anser 149ms
493 http fetch GET 200 https://registry.npmjs.org/base64-js/-/base64-js-1.5.1.tgz 56ms
494 silly pacote range manifest for base64-js@^1.1.2 fetched in 204ms
495 silly resolveWithNewModule base64-js@1.5.1 checking installable status
496 http fetch GET 200 https://registry.npmjs.org/anser/-/anser-1.4.10.tgz 119ms
497 silly pacote range manifest for anser@^1.4.9 fetched in 280ms
498 silly resolveWithNewModule anser@1.4.10 checking installable status
499 http fetch GET 200 https://registry.npmjs.org/hermes-engine 107ms
500 http fetch GET 200 https://registry.npmjs.org/@react-native%2fpolyfills 557ms
501 http fetch GET 200 https://registry.npmjs.org/@jest%2fcreate-cache-key-function 630ms
502 http fetch GET 200 https://registry.npmjs.org/@jest/create-cache-key-function/-/create-cache-key-function-26.6.2.tgz 118ms
503 http fetch GET 200 https://registry.npmjs.org/@react-native/polyfills/-/polyfills-1.0.0.tgz 201ms
504 silly pacote range manifest for @jest/create-cache-key-function@^26.5.0 fetched in 771ms
505 silly resolveWithNewModule @jest/create-cache-key-function@26.6.2 checking installable status
506 silly pacote version manifest for @react-native/polyfills@1.0.0 fetched in 777ms
507 silly resolveWithNewModule @react-native/polyfills@1.0.0 checking installable status
508 http fetch GET 200 https://registry.npmjs.org/@react-native-community%2fcli-platform-android 803ms
509 http fetch GET 200 https://registry.npmjs.org/invariant 55ms
510 http fetch GET 200 https://registry.npmjs.org/@react-native%2fnormalize-color 927ms
511 http fetch GET 200 https://registry.npmjs.org/@react-native/normalize-color/-/normalize-color-1.0.0.tgz 109ms
512 silly pacote version manifest for @react-native/normalize-color@1.0.0 fetched in 1053ms
513 silly resolveWithNewModule @react-native/normalize-color@1.0.0 checking installable status
514 http fetch GET 200 https://registry.npmjs.org/metro-babel-register 317ms
515 http fetch GET 200 https://registry.npmjs.org/@react-native%2fassets 1402ms
516 http fetch GET 200 https://registry.npmjs.org/metro-babel-register/-/metro-babel-register-0.64.0.tgz 51ms
517 silly pacote version manifest for metro-babel-register@0.64.0 fetched in 379ms
518 silly resolveWithNewModule metro-babel-register@0.64.0 checking installable status
519 http fetch GET 200 https://registry.npmjs.org/@react-native/assets/-/assets-1.0.0.tgz 67ms
520 silly pacote version manifest for @react-native/assets@1.0.0 fetched in 1475ms
521 silly resolveWithNewModule @react-native/assets@1.0.0 checking installable status
522 http fetch GET 200 https://registry.npmjs.org/metro-runtime 60ms
523 http fetch GET 200 https://registry.npmjs.org/metro-react-native-babel-transformer 126ms
524 http fetch GET 200 https://registry.npmjs.org/metro-runtime/-/metro-runtime-0.64.0.tgz 56ms
525 silly pacote version manifest for metro-runtime@0.64.0 fetched in 123ms
526 silly resolveWithNewModule metro-runtime@0.64.0 checking installable status
527 http fetch GET 200 https://registry.npmjs.org/invariant/-/invariant-2.2.4.tgz 791ms
528 http fetch GET 200 https://registry.npmjs.org/metro-react-native-babel-transformer/-/metro-react-native-babel-transformer-0.64.0.tgz 57ms
529 silly pacote range manifest for invariant@^2.2.4 fetched in 854ms
530 silly resolveWithNewModule invariant@2.2.4 checking installable status
531 silly pacote version manifest for metro-react-native-babel-transformer@0.64.0 fetched in 192ms
532 silly resolveWithNewModule metro-react-native-babel-transformer@0.64.0 checking installable status
533 http fetch GET 200 https://registry.npmjs.org/jsc-android 862ms
534 http fetch GET 200 https://registry.npmjs.org/@react-native-community/cli-platform-android/-/cli-platform-android-5.0.1.tgz 964ms
535 silly pacote range manifest for @react-native-community/cli-platform-android@^5.0.1-alpha.1 fetched in 1777ms
536 silly resolveWithNewModule @react-native-community/cli-platform-android@5.0.1 checking installable status
537 http fetch GET 200 https://registry.npmjs.org/nullthrows 172ms
538 http fetch GET 200 https://registry.npmjs.org/abort-controller/-/abort-controller-3.0.0.tgz 1760ms
539 http fetch GET 200 https://registry.npmjs.org/nullthrows/-/nullthrows-1.1.1.tgz 108ms
540 silly pacote range manifest for abort-controller@^3.0.0 fetched in 1911ms
541 silly resolveWithNewModule abort-controller@3.0.0 checking installable status
542 silly pacote range manifest for nullthrows@^1.1.1 fetched in 293ms
543 silly resolveWithNewModule nullthrows@1.1.1 checking installable status
544 http fetch GET 200 https://registry.npmjs.org/promise 168ms
545 http fetch GET 200 https://registry.npmjs.org/metro-source-map 721ms
546 http fetch GET 200 https://registry.npmjs.org/promise/-/promise-8.1.0.tgz 389ms
547 silly pacote range manifest for promise@^8.0.3 fetched in 569ms
548 silly resolveWithNewModule promise@8.1.0 checking installable status
549 http fetch GET 200 https://registry.npmjs.org/react-native-codegen 81ms
550 http fetch GET 200 https://registry.npmjs.org/pretty-format 1018ms
551 http fetch GET 200 https://registry.npmjs.org/metro-source-map/-/metro-source-map-0.64.0.tgz 389ms
552 silly pacote version manifest for metro-source-map@0.64.0 fetched in 1121ms
553 silly resolveWithNewModule metro-source-map@0.64.0 checking installable status
554 http fetch GET 200 https://registry.npmjs.org/react-native-codegen/-/react-native-codegen-0.0.6.tgz 612ms
555 silly pacote range manifest for react-native-codegen@^0.0.6 fetched in 705ms
556 silly resolveWithNewModule react-native-codegen@0.0.6 checking installable status
557 http fetch GET 200 https://registry.npmjs.org/regenerator-runtime 399ms
558 http fetch GET 200 https://registry.npmjs.org/react-devtools-core 1587ms
559 http fetch GET 200 https://registry.npmjs.org/regenerator-runtime/-/regenerator-runtime-0.13.9.tgz 86ms
560 silly pacote version manifest for regenerator-runtime@0.13.9 fetched in 494ms
561 silly resolveWithNewModule regenerator-runtime@0.13.9 checking installable status
562 http fetch GET 200 https://registry.npmjs.org/react-refresh 2079ms
563 http fetch GET 200 https://registry.npmjs.org/@react-native-community%2fcli-platform-ios 4980ms
564 http fetch GET 200 https://registry.npmjs.org/react-refresh/-/react-refresh-0.4.3.tgz 184ms
565 silly pacote version manifest for react-refresh@0.4.3 fetched in 2285ms
566 silly resolveWithNewModule react-refresh@0.4.3 checking installable status
567 http fetch GET 200 https://registry.npmjs.org/shelljs 902ms
568 http fetch GET 200 https://registry.npmjs.org/@react-native-community/cli-platform-ios/-/cli-platform-ios-5.0.1.tgz 1031ms
569 silly pacote range manifest for @react-native-community/cli-platform-ios@^5.0.1-alpha.1 fetched in 6029ms
570 silly resolveWithNewModule @react-native-community/cli-platform-ios@5.0.1 checking installable status
571 http fetch GET 200 https://registry.npmjs.org/pretty-format/-/pretty-format-26.6.2.tgz 3542ms
572 silly pacote range manifest for pretty-format@^26.5.2 fetched in 4570ms
573 silly resolveWithNewModule pretty-format@26.6.2 checking installable status
574 http fetch GET 200 https://registry.npmjs.org/prop-types 5694ms
575 http fetch GET 200 https://registry.npmjs.org/prop-types/-/prop-types-15.7.2.tgz 104ms
576 silly pacote version manifest for prop-types@15.7.2 fetched in 5816ms
577 silly resolveWithNewModule prop-types@15.7.2 checking installable status
578 http fetch GET 200 https://registry.npmjs.org/shelljs/-/shelljs-0.8.4.tgz 1823ms
579 silly pacote range manifest for shelljs@^0.8.4 fetched in 2742ms
580 silly resolveWithNewModule shelljs@0.8.4 checking installable status
581 http fetch GET 200 https://registry.npmjs.org/whatwg-fetch 75ms
582 http fetch GET 200 https://registry.npmjs.org/stacktrace-parser 1809ms
583 http fetch GET 200 https://registry.npmjs.org/stacktrace-parser/-/stacktrace-parser-0.1.10.tgz 101ms
584 silly pacote range manifest for stacktrace-parser@^0.1.3 fetched in 1916ms
585 silly resolveWithNewModule stacktrace-parser@0.1.10 checking installable status
586 http fetch GET 200 https://registry.npmjs.org/whatwg-fetch/-/whatwg-fetch-3.6.2.tgz 363ms
587 silly pacote range manifest for whatwg-fetch@^3.0.0 fetched in 454ms
588 silly resolveWithNewModule whatwg-fetch@3.6.2 checking installable status
589 http fetch GET 200 https://registry.npmjs.org/ws 744ms
590 http fetch GET 200 https://registry.npmjs.org/ws/-/ws-6.2.2.tgz 348ms
591 silly pacote range manifest for ws@^6.1.4 fetched in 1115ms
592 silly resolveWithNewModule ws@6.2.2 checking installable status
593 http fetch GET 200 https://registry.npmjs.org/react-devtools-core/-/react-devtools-core-4.14.0.tgz 7367ms
594 silly pacote range manifest for react-devtools-core@^4.6.0 fetched in 8975ms
595 silly resolveWithNewModule react-devtools-core@4.14.0 checking installable status
596 http fetch GET 200 https://registry.npmjs.org/scheduler 7620ms
597 http fetch GET 200 https://registry.npmjs.org/scheduler/-/scheduler-0.20.2.tgz 60ms
598 silly pacote version manifest for scheduler@0.20.2 fetched in 7702ms
599 silly resolveWithNewModule scheduler@0.20.2 checking installable status
600 http fetch GET 200 https://registry.npmjs.org/use-subscription 5205ms
601 http fetch GET 200 https://registry.npmjs.org/use-subscription/-/use-subscription-1.5.1.tgz 93ms
602 silly pacote range manifest for use-subscription@^1.0.0 fetched in 5325ms
603 silly resolveWithNewModule use-subscription@1.5.1 checking installable status
604 http fetch GET 200 https://registry.npmjs.org/event-target-shim 14620ms
605 http fetch GET 200 https://registry.npmjs.org/event-target-shim/-/event-target-shim-5.0.1.tgz 590ms
606 silly pacote range manifest for event-target-shim@^5.0.1 fetched in 15231ms
607 silly resolveWithNewModule event-target-shim@5.0.1 checking installable status
608 http fetch GET 200 https://registry.npmjs.org/@react-native-community%2fcli 16202ms
609 http fetch GET 200 https://registry.npmjs.org/@react-native-community/cli/-/cli-5.0.1.tgz 779ms
610 silly pacote range manifest for @react-native-community/cli@^5.0.1-alpha.1 fetched in 17017ms
611 silly resolveWithNewModule @react-native-community/cli@5.0.1 checking installable status
612 http fetch GET 200 https://registry.npmjs.org/hermes-engine/-/hermes-engine-0.7.2.tgz 51302ms
613 silly pacote range manifest for hermes-engine@~0.7.0 fetched in 51423ms
614 silly resolveWithNewModule hermes-engine@0.7.2 checking installable status
615 verbose stack Error: kill ENOSYS
615 verbose stack     at process.kill (internal/process/per_thread.js:200:13)
615 verbose stack     at process.listener (C:\Program Files\nodejs\node_modules\npm\node_modules\signal-exit\index.js:95:15)
615 verbose stack     at process.emit (events.js:376:20)
616 verbose cwd G:\React native\HRMProject
617 verbose Windows_NT 10.0.19043
618 verbose argv "C:\\Program Files\\nodejs\\node.exe" "C:\\Program Files\\nodejs\\node_modules\\npm\\bin\\npm-cli.js" "install"
619 verbose node v14.17.0
620 verbose npm  v6.14.13
621 error code ENOSYS
622 error syscall kill
623 error errno -4054
624 error kill ENOSYS
625 verbose exit [ -4054, true ]
